"C:\Program Files\JetBrains\CLion 2024.2.1\bin\cmake\win\x64\bin\cmake.exe" -DCMAKE_BUILD_TYPE=Debug "-DCMAKE_MAKE_PROGRAM=C:/Program Files/JetBrains/CLion 2024.2.1/bin/ninja/win/x64/ninja.exe" "-DCMAKE_C_COMPILER=C:/Program Files/LLVM/bin/clang.exe" "-DCMAKE_CXX_COMPILER=C:/Program Files/LLVM/bin/clang++.exe" -G Ninja -S C:\Users\luukk\Documents\github\Y2024-25-PR-BB\Y2024-25-PR-BB -B C:\Users\luukk\Documents\github\Y2024-25-PR-BB\Y2024-25-PR-BB\cmake-build-debug
-- The C compiler identification is Clang 18.1.8 with GNU-like command-line
-- The CXX compiler identification is Clang 18.1.8 with GNU-like command-line
-- Detecting C compiler ABI info
-- Detecting C compiler ABI info - failed
-- Check for working C compiler: C:/Program Files/LLVM/bin/clang.exe
-- Check for working C compiler: C:/Program Files/LLVM/bin/clang.exe - broken
CMake Error at C:/Program Files/JetBrains/CLion 2024.2.1/bin/cmake/win/x64/share/cmake-3.29/Modules/CMakeTestCCompiler.cmake:67 (message):
  The C compiler

    "C:/Program Files/LLVM/bin/clang.exe"

  is not able to compile a simple test program.

  It fails with the following output:

    Change Dir: 'C:/Users/luukk/Documents/github/Y2024-25-PR-BB/Y2024-25-PR-BB/cmake-build-debug/CMakeFiles/CMakeScratch/TryCompile-9f7am9'
    
    Run Build Command(s): "C:/Program Files/JetBrains/CLion 2024.2.1/bin/ninja/win/x64/ninja.exe" -v cmTC_26d8c
    [1/2] C:\PROGRA~1\LLVM\bin\clang.exe   -O0 -g -Xclang -gcodeview -D_DEBUG -D_DLL -D_MT -Xclang --dependent-lib=msvcrtd -MD -MT CMakeFiles/cmTC_26d8c.dir/testCCompiler.c.obj -MF CMakeFiles\cmTC_26d8c.dir\testCCompiler.c.obj.d -o CMakeFiles/cmTC_26d8c.dir/testCCompiler.c.obj -c C:/Users/luukk/Documents/github/Y2024-25-PR-BB/Y2024-25-PR-BB/cmake-build-debug/CMakeFiles/CMakeScratch/TryCompile-9f7am9/testCCompiler.c
    [2/2] C:\Windows\system32\cmd.exe /C "cd . && C:\PROGRA~1\LLVM\bin\clang.exe -nostartfiles -nostdlib -O0 -g -Xclang -gcodeview -D_DEBUG -D_DLL -D_MT -Xclang --dependent-lib=msvcrtd -Xlinker /subsystem:console  -fuse-ld=lld-link CMakeFiles/cmTC_26d8c.dir/testCCompiler.c.obj -o cmTC_26d8c.exe -Xlinker /MANIFEST:EMBED -Xlinker /implib:cmTC_26d8c.lib -Xlinker /pdb:cmTC_26d8c.pdb -Xlinker /version:0.0   -lkernel32 -luser32 -lgdi32 -lwinspool -lshell32 -lole32 -loleaut32 -luuid -lcomdlg32 -ladvapi32 -loldnames  && cd ."
    FAILED: cmTC_26d8c.exe 
    C:\Windows\system32\cmd.exe /C "cd . && C:\PROGRA~1\LLVM\bin\clang.exe -nostartfiles -nostdlib -O0 -g -Xclang -gcodeview -D_DEBUG -D_DLL -D_MT -Xclang --dependent-lib=msvcrtd -Xlinker /subsystem:console  -fuse-ld=lld-link CMakeFiles/cmTC_26d8c.dir/testCCompiler.c.obj -o cmTC_26d8c.exe -Xlinker /MANIFEST:EMBED -Xlinker /implib:cmTC_26d8c.lib -Xlinker /pdb:cmTC_26d8c.pdb -Xlinker /version:0.0   -lkernel32 -luser32 -lgdi32 -lwinspool -lshell32 -lole32 -loleaut32 -luuid -lcomdlg32 -ladvapi32 -loldnames  && cd ."
    lld-link: error: could not open 'oldnames.lib': no such file or directory
    lld-link: error: could not open 'msvcrtd.lib': no such file or directory
    clang: error: linker command failed with exit code 1 (use -v to see invocation)
    ninja: build stopped: subcommand failed.
    
    

  

  CMake will not be able to correctly generate this project.
Call Stack (most recent call first):
  CMakeLists.txt:3 (project)


-- Configuring incomplete, errors occurred!
